\BOOKMARK [0][-]{chapter*.2}{\376\377\000I\000n\000t\000r\000o\000d\000u\000c\000t\000i\000o\000n}{}% 1
\BOOKMARK [0][-]{chapter.1}{\376\377\000D\000a\000t\000a}{}% 2
\BOOKMARK [1][-]{section.1.1}{\376\377\000T\000h\000i\000r\000d\000\040\000p\000a\000r\000t\000y\000\040\000d\000a\000t\000a\000\040\000p\000r\000o\000v\000i\000d\000e\000r\000s}{chapter.1}% 3
\BOOKMARK [1][-]{section.1.2}{\376\377\000T\000h\000e\000\040\000G\000u\000a\000r\000d\000i\000a\000n}{chapter.1}% 4
\BOOKMARK [1][-]{section.1.3}{\376\377\000D\000o\000s\000t\000u\000p\000n\000o\000s\000t}{chapter.1}% 5
\BOOKMARK [0][-]{chapter.2}{\376\377\000N\000a\000t\000u\000r\000a\000l\000\040\000L\000a\000n\000g\000u\000a\000g\000e\000\040\000P\000r\000o\000c\000e\000s\000s\000i\000n\000g}{}% 6
\BOOKMARK [1][-]{section.2.1}{\376\377\000M\000o\000d\000e\000l}{chapter.2}% 7
\BOOKMARK [2][-]{subsection.2.1.1}{\376\377\000B\000E\000R\000T}{section.2.1}% 8
\BOOKMARK [2][-]{subsection.2.1.2}{\376\377\000G\000P\000T}{section.2.1}% 9
\BOOKMARK [0][-]{chapter.3}{\376\377\000A\000r\000c\000h\000i\000t\000e\000c\000t\000u\000r\000e}{}% 10
\BOOKMARK [0][-]{chapter*.9}{\376\377\000C\000o\000n\000c\000l\000u\000s\000i\000o\000n}{}% 11
\BOOKMARK [0][-]{chapter*.11}{\376\377\000B\000i\000b\000l\000i\000o\000g\000r\000a\000p\000h\000y}{}% 12
\BOOKMARK [0][-]{chapter.4}{\376\377\000I\000m\000p\000o\000r\000t\000a\000n\000t\000\040\000f\000i\000r\000s\000t\000\040\000c\000h\000a\000p\000t\000e\000r}{}% 13
\BOOKMARK [1][-]{section.4.1}{\376\377\000S\000o\000m\000e\000\040\000e\000x\000t\000r\000a\000\040\000a\000s\000s\000o\000r\000t\000e\000d\000\040\000h\000i\000n\000t\000s\000\040\000b\000e\000f\000o\000r\000e\000\040\000y\000o\000u\000\040\000s\000t\000a\000r\000t\000\040\000w\000r\000i\000t\000i\000n\000g\000\040\000E\000n\000g\000l\000i\000s\000h}{chapter.4}% 14
\BOOKMARK [0][-]{chapter.5}{\376\377\000R\000e\000s\000u\000l\000t\000s\000\040\000a\000n\000d\000\040\000d\000i\000s\000c\000u\000s\000s\000i\000o\000n}{}% 15
\BOOKMARK [1][-]{section.5.1}{\376\377\000S\000u\000p\000e\000r\000P\000r\000o\000g\000r\000a\000m\000\040\000i\000s\000\040\000f\000a\000s\000t\000e\000r\000\040\000t\000h\000a\000n\000\040\000O\000l\000d\000A\000l\000g\000o\000r\000i\000t\000h\000m}{chapter.5}% 16
\BOOKMARK [2][-]{subsection.5.1.1}{\376\377\000S\000c\000a\000l\000a\000b\000i\000l\000i\000t\000y\000\040\000e\000s\000t\000i\000m\000a\000t\000i\000o\000n}{section.5.1}% 17
\BOOKMARK [2][-]{subsection.5.1.2}{\376\377\000P\000r\000e\000c\000i\000s\000i\000o\000n\000\040\000o\000f\000\040\000t\000h\000e\000\040\000r\000e\000s\000u\000l\000t\000s}{section.5.1}% 18
\BOOKMARK [1][-]{section.5.2}{\376\377\000W\000e\000i\000r\000d\000\040\000t\000h\000e\000o\000r\000e\000m\000\040\000i\000s\000\040\000p\000r\000o\000v\000e\000n\000\040\000b\000y\000\040\000i\000n\000d\000u\000c\000t\000i\000o\000n}{chapter.5}% 19
\BOOKMARK [1][-]{section.5.3}{\376\377\000A\000m\000o\000u\000n\000t\000\040\000o\000f\000\040\000c\000o\000d\000e\000\040\000r\000e\000d\000u\000c\000e\000d\000\040\000b\000y\000\040\000C\000o\000d\000e\000R\000e\000d\000T\000o\000o\000l}{chapter.5}% 20
\BOOKMARK [2][-]{subsection.5.3.1}{\376\377\000E\000x\000a\000m\000p\000l\000e}{section.5.3}% 21
\BOOKMARK [2][-]{subsection.5.3.2}{\376\377\000P\000e\000r\000f\000o\000r\000m\000a\000n\000c\000e\000\040\000o\000n\000\040\000r\000e\000a\000l\000\040\000c\000o\000d\000e\000b\000a\000s\000e\000s}{section.5.3}% 22
\BOOKMARK [1][-]{section.5.4}{\376\377\0009\0009\0009\0009\0003\000e\000m\000.\0005\000N\000e\000u\000r\000o\000t\000i\000c\000H\000e\000l\000p\000e\000r\000\040\000i\000m\000p\000r\000o\000v\000e\000s\000\040\000n\000e\000u\000r\000a\000l\000\040\000n\000e\000t\000w\000o\000r\000k\000\040\000l\000e\000a\000r\000n\000i\000n\000g}{chapter.5}% 23
\BOOKMARK [1][-]{section.5.5}{\376\377\000G\000r\000a\000p\000h\000i\000c\000s\000\040\000a\000n\000d\000\040\000f\000i\000g\000u\000r\000e\000\040\000q\000u\000a\000l\000i\000t\000y}{chapter.5}% 24
\BOOKMARK [2][-]{subsection.5.5.1}{\376\377\000V\000i\000s\000u\000a\000l\000i\000z\000e\000\040\000a\000l\000l\000\040\000i\000m\000p\000o\000r\000t\000a\000n\000t\000\040\000i\000d\000e\000a\000s}{section.5.5}% 25
\BOOKMARK [2][-]{subsection.5.5.2}{\376\377\000M\000a\000k\000e\000\040\000t\000h\000e\000\040\000f\000i\000g\000u\000r\000e\000s\000\040\000c\000o\000m\000p\000r\000e\000h\000e\000n\000s\000i\000b\000l\000e}{section.5.5}% 26
\BOOKMARK [1][-]{section.5.6}{\376\377\000W\000h\000a\000t\000\040\000i\000s\000\040\000a\000\040\000d\000i\000s\000c\000u\000s\000s\000i\000o\000n\000?}{chapter.5}% 27
\BOOKMARK [0][-]{appendix.A}{\376\377\000U\000s\000i\000n\000g\000\040\000C\000o\000o\000l\000T\000h\000e\000s\000i\000s\000S\000o\000f\000t\000w\000a\000r\000e}{}% 28
